# JRE version: OpenJDK Runtime Environment (8.0_242-b01) (build 1.8.0_242-release-1644-b01)
# Java VM: OpenJDK 64-Bit Server VM (25.242-b01 mixed mode windows-amd64 compressed oops)
Heap:
 PSYoungGen      total 214016K, used 34669K [0x00000000d5580000, 0x00000000e8500000, 0x0000000100000000)
  eden space 192512K, 8% used [0x00000000d5580000,0x00000000d65b6400,0x00000000e1180000)
  from space 21504K, 84% used [0x00000000e1180000,0x00000000e2325250,0x00000000e2680000)
  to   space 19968K, 0% used [0x00000000e7180000,0x00000000e7180000,0x00000000e8500000)
 ParOldGen       total 333312K, used 19414K [0x0000000080000000, 0x0000000094580000, 0x00000000d5580000)
  object space 333312K, 5% used [0x0000000080000000,0x00000000812f5b50,0x0000000094580000)
 Metaspace       used 43748K, capacity 45800K, committed 46080K, reserved 1089536K
  class space    used 5960K, capacity 6348K, committed 6400K, reserved 1048576K
GC Heap History (10 events):
Event: 1.711 GC heap before
{Heap before GC invocations=3 (full 1):
 PSYoungGen      total 152576K, used 13757K [0x00000000d5580000, 0x00000000e7f80000, 0x0000000100000000)
  eden space 131072K, 0% used [0x00000000d5580000,0x00000000d5580000,0x00000000dd580000)
  from space 21504K, 63% used [0x00000000dea80000,0x00000000df7ef5d8,0x00000000dff80000)
  to   space 21504K, 0% used [0x00000000dd580000,0x00000000dd580000,0x00000000dea80000)
 ParOldGen       total 348160K, used 24K [0x0000000080000000, 0x0000000095400000, 0x00000000d5580000)
  object space 348160K, 0% used [0x0000000080000000,0x0000000080006000,0x0000000095400000)
 Metaspace       used 20517K, capacity 21234K, committed 21296K, reserved 1067008K
  class space    used 2860K, capacity 3041K, committed 3072K, reserved 1048576K
Event: 1.734 GC heap after
Heap after GC invocations=3 (full 1):
 PSYoungGen      total 152576K, used 0K [0x00000000d5580000, 0x00000000e7f80000, 0x0000000100000000)
  eden space 131072K, 0% used [0x00000000d5580000,0x00000000d5580000,0x00000000dd580000)
  from space 21504K, 0% used [0x00000000dea80000,0x00000000dea80000,0x00000000dff80000)
  to   space 21504K, 0% used [0x00000000dd580000,0x00000000dd580000,0x00000000dea80000)
 ParOldGen       total 215552K, used 13297K [0x0000000080000000, 0x000000008d280000, 0x00000000d5580000)
  object space 215552K, 6% used [0x0000000080000000,0x0000000080cfc408,0x000000008d280000)
 Metaspace       used 20517K, capacity 21234K, committed 21296K, reserved 1067008K
  class space    used 2860K, capacity 3041K, committed 3072K, reserved 1048576K
}
Event: 2.456 GC heap before
{Heap before GC invocations=4 (full 1):
 PSYoungGen      total 152576K, used 131072K [0x00000000d5580000, 0x00000000e7f80000, 0x0000000100000000)
  eden space 131072K, 100% used [0x00000000d5580000,0x00000000dd580000,0x00000000dd580000)
  from space 21504K, 0% used [0x00000000dea80000,0x00000000dea80000,0x00000000dff80000)
  to   space 21504K, 0% used [0x00000000dd580000,0x00000000dd580000,0x00000000dea80000)
 ParOldGen       total 215552K, used 13297K [0x0000000080000000, 0x000000008d280000, 0x00000000d5580000)
  object space 215552K, 6% used [0x0000000080000000,0x0000000080cfc408,0x000000008d280000)
 Metaspace       used 32747K, capacity 33904K, committed 34176K, reserved 1079296K
  class space    used 4410K, capacity 4729K, committed 4736K, reserved 1048576K
Event: 2.465 GC heap after
Heap after GC invocations=4 (full 1):
 PSYoungGen      total 152576K, used 16572K [0x00000000d5580000, 0x00000000e3b80000, 0x0000000100000000)
  eden space 131072K, 0% used [0x00000000d5580000,0x00000000d5580000,0x00000000dd580000)
  from space 21504K, 77% used [0x00000000dd580000,0x00000000de5af110,0x00000000dea80000)
  to   space 21504K, 0% used [0x00000000e2680000,0x00000000e2680000,0x00000000e3b80000)
 ParOldGen       total 215552K, used 13305K [0x0000000080000000, 0x000000008d280000, 0x00000000d5580000)
  object space 215552K, 6% used [0x0000000080000000,0x0000000080cfe408,0x000000008d280000)
 Metaspace       used 32747K, capacity 33904K, committed 34176K, reserved 1079296K
  class space    used 4410K, capacity 4729K, committed 4736K, reserved 1048576K
}
Event: 2.630 GC heap before
{Heap before GC invocations=5 (full 1):
 PSYoungGen      total 152576K, used 49721K [0x00000000d5580000, 0x00000000e3b80000, 0x0000000100000000)
  eden space 131072K, 25% used [0x00000000d5580000,0x00000000d75df3e0,0x00000000dd580000)
  from space 21504K, 77% used [0x00000000dd580000,0x00000000de5af110,0x00000000dea80000)
  to   space 21504K, 0% used [0x00000000e2680000,0x00000000e2680000,0x00000000e3b80000)
 ParOldGen       total 215552K, used 13305K [0x0000000080000000, 0x000000008d280000, 0x00000000d5580000)
  object space 215552K, 6% used [0x0000000080000000,0x0000000080cfe408,0x000000008d280000)
 Metaspace       used 34072K, capacity 35326K, committed 35456K, reserved 1079296K
  class space    used 4589K, capacity 4884K, committed 4992K, reserved 1048576K
Event: 2.640 GC heap after
Heap after GC invocations=5 (full 1):
 PSYoungGen      total 214016K, used 12501K [0x00000000d5580000, 0x00000000e5180000, 0x0000000100000000)
  eden space 192512K, 0% used [0x00000000d5580000,0x00000000d5580000,0x00000000e1180000)
  from space 21504K, 58% used [0x00000000e2680000,0x00000000e32b5540,0x00000000e3b80000)
  to   space 21504K, 0% used [0x00000000e1180000,0x00000000e1180000,0x00000000e2680000)
 ParOldGen       total 215552K, used 13313K [0x0000000080000000, 0x000000008d280000, 0x00000000d5580000)
  object space 215552K, 6% used [0x0000000080000000,0x0000000080d00408,0x000000008d280000)
 Metaspace       used 34072K, capacity 35326K, committed 35456K, reserved 1079296K
  class space    used 4589K, capacity 4884K, committed 4992K, reserved 1048576K
}
Event: 2.640 GC heap before
{Heap before GC invocations=6 (full 2):
 PSYoungGen      total 214016K, used 12501K [0x00000000d5580000, 0x00000000e5180000, 0x0000000100000000)
  eden space 192512K, 0% used [0x00000000d5580000,0x00000000d5580000,0x00000000e1180000)
  from space 21504K, 58% used [0x00000000e2680000,0x00000000e32b5540,0x00000000e3b80000)
  to   space 21504K, 0% used [0x00000000e1180000,0x00000000e1180000,0x00000000e2680000)
 ParOldGen       total 215552K, used 13313K [0x0000000080000000, 0x000000008d280000, 0x00000000d5580000)
  object space 215552K, 6% used [0x0000000080000000,0x0000000080d00408,0x000000008d280000)
 Metaspace       used 34072K, capacity 35326K, committed 35456K, reserved 1079296K
  class space    used 4589K, capacity 4884K, committed 4992K, reserved 1048576K
Event: 2.683 GC heap after
Heap after GC invocations=6 (full 2):
 PSYoungGen      total 214016K, used 0K [0x00000000d5580000, 0x00000000e5180000, 0x0000000100000000)
  eden space 192512K, 0% used [0x00000000d5580000,0x00000000d5580000,0x00000000e1180000)
  from space 21504K, 0% used [0x00000000e2680000,0x00000000e2680000,0x00000000e3b80000)
  to   space 21504K, 0% used [0x00000000e1180000,0x00000000e1180000,0x00000000e2680000)
 ParOldGen       total 333312K, used 19406K [0x0000000080000000, 0x0000000094580000, 0x00000000d5580000)
  object space 333312K, 5% used [0x0000000080000000,0x00000000812f3b50,0x0000000094580000)
 Metaspace       used 34072K, capacity 35326K, committed 35456K, reserved 1079296K
  class space    used 4589K, capacity 4884K, committed 4992K, reserved 1048576K
}
Event: 3.522 GC heap before
{Heap before GC invocations=7 (full 2):
 PSYoungGen      total 214016K, used 192512K [0x00000000d5580000, 0x00000000e5180000, 0x0000000100000000)
  eden space 192512K, 100% used [0x00000000d5580000,0x00000000e1180000,0x00000000e1180000)
  from space 21504K, 0% used [0x00000000e2680000,0x00000000e2680000,0x00000000e3b80000)
  to   space 21504K, 0% used [0x00000000e1180000,0x00000000e1180000,0x00000000e2680000)
 ParOldGen       total 333312K, used 19406K [0x0000000080000000, 0x0000000094580000, 0x00000000d5580000)
  object space 333312K, 5% used [0x0000000080000000,0x00000000812f3b50,0x0000000094580000)
 Metaspace       used 41716K, capacity 43794K, committed 44160K, reserved 1087488K
  class space    used 5737K, capacity 6147K, committed 6272K, reserved 1048576K
Event: 3.531 GC heap after
Heap after GC invocations=7 (full 2):
 PSYoungGen      total 214016K, used 18068K [0x00000000d5580000, 0x00000000e8500000, 0x0000000100000000)
  eden space 192512K, 0% used [0x00000000d5580000,0x00000000d5580000,0x00000000e1180000)
  from space 21504K, 84% used [0x00000000e1180000,0x00000000e2325250,0x00000000e2680000)
  to   space 19968K, 0% used [0x00000000e7180000,0x00000000e7180000,0x00000000e8500000)
 ParOldGen       total 333312K, used 19414K [0x0000000080000000, 0x0000000094580000, 0x00000000d5580000)
  object space 333312K, 5% used [0x0000000080000000,0x00000000812f5b50,0x0000000094580000)
 Metaspace       used 41716K, capacity 43794K, committed 44160K, reserved 1087488K
  class space    used 5737K, capacity 6147K, committed 6272K, reserved 1048576K
}

