# JRE version: OpenJDK Runtime Environment (8.0_242-b01) (build 1.8.0_242-release-1644-b01)
# Java VM: OpenJDK 64-Bit Server VM (25.242-b01 mixed mode windows-amd64 compressed oops)
Heap:
 PSYoungGen      total 211456K, used 53612K [0x00000000d5580000, 0x00000000e7b00000, 0x0000000100000000)
  eden space 189952K, 18% used [0x00000000d5580000,0x00000000d7746648,0x00000000e0f00000)
  from space 21504K, 88% used [0x00000000e0f00000,0x00000000e2194a60,0x00000000e2400000)
  to   space 20480K, 0% used [0x00000000e6700000,0x00000000e6700000,0x00000000e7b00000)
 ParOldGen       total 344576K, used 19477K [0x0000000080000000, 0x0000000095080000, 0x00000000d5580000)
  object space 344576K, 5% used [0x0000000080000000,0x0000000081305660,0x0000000095080000)
 Metaspace       used 46428K, capacity 48536K, committed 48896K, reserved 1091584K
  class space    used 6235K, capacity 6612K, committed 6656K, reserved 1048576K
GC Heap History (10 events):
Event: 1.687 GC heap before
{Heap before GC invocations=3 (full 1):
 PSYoungGen      total 152576K, used 13626K [0x00000000d5580000, 0x00000000e7f80000, 0x0000000100000000)
  eden space 131072K, 0% used [0x00000000d5580000,0x00000000d5580000,0x00000000dd580000)
  from space 21504K, 63% used [0x00000000dea80000,0x00000000df7ce9a8,0x00000000dff80000)
  to   space 21504K, 0% used [0x00000000dd580000,0x00000000dd580000,0x00000000dea80000)
 ParOldGen       total 348160K, used 24K [0x0000000080000000, 0x0000000095400000, 0x00000000d5580000)
  object space 348160K, 0% used [0x0000000080000000,0x0000000080006000,0x0000000095400000)
 Metaspace       used 20494K, capacity 21230K, committed 21296K, reserved 1067008K
  class space    used 2855K, capacity 3039K, committed 3072K, reserved 1048576K
Event: 1.713 GC heap after
Heap after GC invocations=3 (full 1):
 PSYoungGen      total 152576K, used 0K [0x00000000d5580000, 0x00000000e7f80000, 0x0000000100000000)
  eden space 131072K, 0% used [0x00000000d5580000,0x00000000d5580000,0x00000000dd580000)
  from space 21504K, 0% used [0x00000000dea80000,0x00000000dea80000,0x00000000dff80000)
  to   space 21504K, 0% used [0x00000000dd580000,0x00000000dd580000,0x00000000dea80000)
 ParOldGen       total 215040K, used 13212K [0x0000000080000000, 0x000000008d200000, 0x00000000d5580000)
  object space 215040K, 6% used [0x0000000080000000,0x0000000080ce71f0,0x000000008d200000)
 Metaspace       used 20494K, capacity 21230K, committed 21296K, reserved 1067008K
  class space    used 2855K, capacity 3039K, committed 3072K, reserved 1048576K
}
Event: 2.421 GC heap before
{Heap before GC invocations=4 (full 1):
 PSYoungGen      total 152576K, used 131072K [0x00000000d5580000, 0x00000000e7f80000, 0x0000000100000000)
  eden space 131072K, 100% used [0x00000000d5580000,0x00000000dd580000,0x00000000dd580000)
  from space 21504K, 0% used [0x00000000dea80000,0x00000000dea80000,0x00000000dff80000)
  to   space 21504K, 0% used [0x00000000dd580000,0x00000000dd580000,0x00000000dea80000)
 ParOldGen       total 215040K, used 13212K [0x0000000080000000, 0x000000008d200000, 0x00000000d5580000)
  object space 215040K, 6% used [0x0000000080000000,0x0000000080ce71f0,0x000000008d200000)
 Metaspace       used 32694K, capacity 33806K, committed 34176K, reserved 1079296K
  class space    used 4404K, capacity 4696K, committed 4736K, reserved 1048576K
Event: 2.429 GC heap after
Heap after GC invocations=4 (full 1):
 PSYoungGen      total 152576K, used 16598K [0x00000000d5580000, 0x00000000e3900000, 0x0000000100000000)
  eden space 131072K, 0% used [0x00000000d5580000,0x00000000d5580000,0x00000000dd580000)
  from space 21504K, 77% used [0x00000000dd580000,0x00000000de5b5878,0x00000000dea80000)
  to   space 21504K, 0% used [0x00000000e2400000,0x00000000e2400000,0x00000000e3900000)
 ParOldGen       total 215040K, used 13220K [0x0000000080000000, 0x000000008d200000, 0x00000000d5580000)
  object space 215040K, 6% used [0x0000000080000000,0x0000000080ce91f0,0x000000008d200000)
 Metaspace       used 32694K, capacity 33806K, committed 34176K, reserved 1079296K
  class space    used 4404K, capacity 4696K, committed 4736K, reserved 1048576K
}
Event: 2.595 GC heap before
{Heap before GC invocations=5 (full 1):
 PSYoungGen      total 152576K, used 51321K [0x00000000d5580000, 0x00000000e3900000, 0x0000000100000000)
  eden space 131072K, 26% used [0x00000000d5580000,0x00000000d7768ef8,0x00000000dd580000)
  from space 21504K, 77% used [0x00000000dd580000,0x00000000de5b5878,0x00000000dea80000)
  to   space 21504K, 0% used [0x00000000e2400000,0x00000000e2400000,0x00000000e3900000)
 ParOldGen       total 215040K, used 13220K [0x0000000080000000, 0x000000008d200000, 0x00000000d5580000)
  object space 215040K, 6% used [0x0000000080000000,0x0000000080ce91f0,0x000000008d200000)
 Metaspace       used 34078K, capacity 35326K, committed 35456K, reserved 1079296K
  class space    used 4589K, capacity 4884K, committed 4992K, reserved 1048576K
Event: 2.601 GC heap after
Heap after GC invocations=5 (full 1):
 PSYoungGen      total 211456K, used 12577K [0x00000000d5580000, 0x00000000e4580000, 0x0000000100000000)
  eden space 189952K, 0% used [0x00000000d5580000,0x00000000d5580000,0x00000000e0f00000)
  from space 21504K, 58% used [0x00000000e2400000,0x00000000e3048580,0x00000000e3900000)
  to   space 21504K, 0% used [0x00000000e0f00000,0x00000000e0f00000,0x00000000e2400000)
 ParOldGen       total 215040K, used 13228K [0x0000000080000000, 0x000000008d200000, 0x00000000d5580000)
  object space 215040K, 6% used [0x0000000080000000,0x0000000080ceb1f0,0x000000008d200000)
 Metaspace       used 34078K, capacity 35326K, committed 35456K, reserved 1079296K
  class space    used 4589K, capacity 4884K, committed 4992K, reserved 1048576K
}
Event: 2.601 GC heap before
{Heap before GC invocations=6 (full 2):
 PSYoungGen      total 211456K, used 12577K [0x00000000d5580000, 0x00000000e4580000, 0x0000000100000000)
  eden space 189952K, 0% used [0x00000000d5580000,0x00000000d5580000,0x00000000e0f00000)
  from space 21504K, 58% used [0x00000000e2400000,0x00000000e3048580,0x00000000e3900000)
  to   space 21504K, 0% used [0x00000000e0f00000,0x00000000e0f00000,0x00000000e2400000)
 ParOldGen       total 215040K, used 13228K [0x0000000080000000, 0x000000008d200000, 0x00000000d5580000)
  object space 215040K, 6% used [0x0000000080000000,0x0000000080ceb1f0,0x000000008d200000)
 Metaspace       used 34078K, capacity 35326K, committed 35456K, reserved 1079296K
  class space    used 4589K, capacity 4884K, committed 4992K, reserved 1048576K
Event: 2.639 GC heap after
Heap after GC invocations=6 (full 2):
 PSYoungGen      total 211456K, used 0K [0x00000000d5580000, 0x00000000e4580000, 0x0000000100000000)
  eden space 189952K, 0% used [0x00000000d5580000,0x00000000d5580000,0x00000000e0f00000)
  from space 21504K, 0% used [0x00000000e2400000,0x00000000e2400000,0x00000000e3900000)
  to   space 21504K, 0% used [0x00000000e0f00000,0x00000000e0f00000,0x00000000e2400000)
 ParOldGen       total 344576K, used 19469K [0x0000000080000000, 0x0000000095080000, 0x00000000d5580000)
  object space 344576K, 5% used [0x0000000080000000,0x0000000081303660,0x0000000095080000)
 Metaspace       used 34078K, capacity 35326K, committed 35456K, reserved 1079296K
  class space    used 4589K, capacity 4884K, committed 4992K, reserved 1048576K
}
Event: 3.542 GC heap before
{Heap before GC invocations=7 (full 2):
 PSYoungGen      total 211456K, used 189952K [0x00000000d5580000, 0x00000000e4580000, 0x0000000100000000)
  eden space 189952K, 100% used [0x00000000d5580000,0x00000000e0f00000,0x00000000e0f00000)
  from space 21504K, 0% used [0x00000000e2400000,0x00000000e2400000,0x00000000e3900000)
  to   space 21504K, 0% used [0x00000000e0f00000,0x00000000e0f00000,0x00000000e2400000)
 ParOldGen       total 344576K, used 19469K [0x0000000080000000, 0x0000000095080000, 0x00000000d5580000)
  object space 344576K, 5% used [0x0000000080000000,0x0000000081303660,0x0000000095080000)
 Metaspace       used 42416K, capacity 44464K, committed 44544K, reserved 1087488K
  class space    used 5748K, capacity 6134K, committed 6144K, reserved 1048576K
Event: 3.552 GC heap after
Heap after GC invocations=7 (full 2):
 PSYoungGen      total 211456K, used 19026K [0x00000000d5580000, 0x00000000e7b00000, 0x0000000100000000)
  eden space 189952K, 0% used [0x00000000d5580000,0x00000000d5580000,0x00000000e0f00000)
  from space 21504K, 88% used [0x00000000e0f00000,0x00000000e2194a60,0x00000000e2400000)
  to   space 20480K, 0% used [0x00000000e6700000,0x00000000e6700000,0x00000000e7b00000)
 ParOldGen       total 344576K, used 19477K [0x0000000080000000, 0x0000000095080000, 0x00000000d5580000)
  object space 344576K, 5% used [0x0000000080000000,0x0000000081305660,0x0000000095080000)
 Metaspace       used 42416K, capacity 44464K, committed 44544K, reserved 1087488K
  class space    used 5748K, capacity 6134K, committed 6144K, reserved 1048576K
}

