# JRE version: OpenJDK Runtime Environment (8.0_242-b01) (build 1.8.0_242-release-1644-b01)
# Java VM: OpenJDK 64-Bit Server VM (25.242-b01 mixed mode windows-amd64 compressed oops)
Heap:
 PSYoungGen      total 210944K, used 52654K [0x00000000d5580000, 0x00000000e7b00000, 0x0000000100000000)
  eden space 189440K, 17% used [0x00000000d5580000,0x00000000d767c370,0x00000000e0e80000)
  from space 21504K, 87% used [0x00000000e0e80000,0x00000000e20ef688,0x00000000e2380000)
  to   space 20480K, 0% used [0x00000000e6700000,0x00000000e6700000,0x00000000e7b00000)
 ParOldGen       total 340992K, used 19429K [0x0000000080000000, 0x0000000094d00000, 0x00000000d5580000)
  object space 340992K, 5% used [0x0000000080000000,0x00000000812f9770,0x0000000094d00000)
 Metaspace       used 46426K, capacity 48456K, committed 48640K, reserved 1091584K
  class space    used 6229K, capacity 6600K, committed 6656K, reserved 1048576K
GC Heap History (10 events):
Event: 1.722 GC heap before
{Heap before GC invocations=3 (full 1):
 PSYoungGen      total 152576K, used 13623K [0x00000000d5580000, 0x00000000e7f80000, 0x0000000100000000)
  eden space 131072K, 0% used [0x00000000d5580000,0x00000000d5580000,0x00000000dd580000)
  from space 21504K, 63% used [0x00000000dea80000,0x00000000df7cde10,0x00000000dff80000)
  to   space 21504K, 0% used [0x00000000dd580000,0x00000000dd580000,0x00000000dea80000)
 ParOldGen       total 348160K, used 24K [0x0000000080000000, 0x0000000095400000, 0x00000000d5580000)
  object space 348160K, 0% used [0x0000000080000000,0x0000000080006000,0x0000000095400000)
 Metaspace       used 20474K, capacity 21222K, committed 21296K, reserved 1067008K
  class space    used 2852K, capacity 3037K, committed 3072K, reserved 1048576K
Event: 1.749 GC heap after
Heap after GC invocations=3 (full 1):
 PSYoungGen      total 152576K, used 0K [0x00000000d5580000, 0x00000000e7f80000, 0x0000000100000000)
  eden space 131072K, 0% used [0x00000000d5580000,0x00000000d5580000,0x00000000dd580000)
  from space 21504K, 0% used [0x00000000dea80000,0x00000000dea80000,0x00000000dff80000)
  to   space 21504K, 0% used [0x00000000dd580000,0x00000000dd580000,0x00000000dea80000)
 ParOldGen       total 215552K, used 13151K [0x0000000080000000, 0x000000008d280000, 0x00000000d5580000)
  object space 215552K, 6% used [0x0000000080000000,0x0000000080cd7ef8,0x000000008d280000)
 Metaspace       used 20474K, capacity 21222K, committed 21296K, reserved 1067008K
  class space    used 2852K, capacity 3037K, committed 3072K, reserved 1048576K
}
Event: 2.485 GC heap before
{Heap before GC invocations=4 (full 1):
 PSYoungGen      total 152576K, used 131072K [0x00000000d5580000, 0x00000000e7f80000, 0x0000000100000000)
  eden space 131072K, 100% used [0x00000000d5580000,0x00000000dd580000,0x00000000dd580000)
  from space 21504K, 0% used [0x00000000dea80000,0x00000000dea80000,0x00000000dff80000)
  to   space 21504K, 0% used [0x00000000dd580000,0x00000000dd580000,0x00000000dea80000)
 ParOldGen       total 215552K, used 13151K [0x0000000080000000, 0x000000008d280000, 0x00000000d5580000)
  object space 215552K, 6% used [0x0000000080000000,0x0000000080cd7ef8,0x000000008d280000)
 Metaspace       used 32685K, capacity 33806K, committed 34176K, reserved 1079296K
  class space    used 4402K, capacity 4696K, committed 4736K, reserved 1048576K
Event: 2.493 GC heap after
Heap after GC invocations=4 (full 1):
 PSYoungGen      total 152576K, used 16604K [0x00000000d5580000, 0x00000000e3880000, 0x0000000100000000)
  eden space 131072K, 0% used [0x00000000d5580000,0x00000000d5580000,0x00000000dd580000)
  from space 21504K, 77% used [0x00000000dd580000,0x00000000de5b7110,0x00000000dea80000)
  to   space 21504K, 0% used [0x00000000e2380000,0x00000000e2380000,0x00000000e3880000)
 ParOldGen       total 215552K, used 13159K [0x0000000080000000, 0x000000008d280000, 0x00000000d5580000)
  object space 215552K, 6% used [0x0000000080000000,0x0000000080cd9ef8,0x000000008d280000)
 Metaspace       used 32685K, capacity 33806K, committed 34176K, reserved 1079296K
  class space    used 4402K, capacity 4696K, committed 4736K, reserved 1048576K
}
Event: 2.732 GC heap before
{Heap before GC invocations=5 (full 1):
 PSYoungGen      total 152576K, used 52170K [0x00000000d5580000, 0x00000000e3880000, 0x0000000100000000)
  eden space 131072K, 27% used [0x00000000d5580000,0x00000000d783b9d0,0x00000000dd580000)
  from space 21504K, 77% used [0x00000000dd580000,0x00000000de5b7110,0x00000000dea80000)
  to   space 21504K, 0% used [0x00000000e2380000,0x00000000e2380000,0x00000000e3880000)
 ParOldGen       total 215552K, used 13159K [0x0000000080000000, 0x000000008d280000, 0x00000000d5580000)
  object space 215552K, 6% used [0x0000000080000000,0x0000000080cd9ef8,0x000000008d280000)
 Metaspace       used 34085K, capacity 35326K, committed 35456K, reserved 1079296K
  class space    used 4590K, capacity 4884K, committed 4992K, reserved 1048576K
Event: 2.741 GC heap after
Heap after GC invocations=5 (full 1):
 PSYoungGen      total 210944K, used 12593K [0x00000000d5580000, 0x00000000e4480000, 0x0000000100000000)
  eden space 189440K, 0% used [0x00000000d5580000,0x00000000d5580000,0x00000000e0e80000)
  from space 21504K, 58% used [0x00000000e2380000,0x00000000e2fcc4c0,0x00000000e3880000)
  to   space 21504K, 0% used [0x00000000e0e80000,0x00000000e0e80000,0x00000000e2380000)
 ParOldGen       total 215552K, used 13167K [0x0000000080000000, 0x000000008d280000, 0x00000000d5580000)
  object space 215552K, 6% used [0x0000000080000000,0x0000000080cdbef8,0x000000008d280000)
 Metaspace       used 34085K, capacity 35326K, committed 35456K, reserved 1079296K
  class space    used 4590K, capacity 4884K, committed 4992K, reserved 1048576K
}
Event: 2.741 GC heap before
{Heap before GC invocations=6 (full 2):
 PSYoungGen      total 210944K, used 12593K [0x00000000d5580000, 0x00000000e4480000, 0x0000000100000000)
  eden space 189440K, 0% used [0x00000000d5580000,0x00000000d5580000,0x00000000e0e80000)
  from space 21504K, 58% used [0x00000000e2380000,0x00000000e2fcc4c0,0x00000000e3880000)
  to   space 21504K, 0% used [0x00000000e0e80000,0x00000000e0e80000,0x00000000e2380000)
 ParOldGen       total 215552K, used 13167K [0x0000000080000000, 0x000000008d280000, 0x00000000d5580000)
  object space 215552K, 6% used [0x0000000080000000,0x0000000080cdbef8,0x000000008d280000)
 Metaspace       used 34085K, capacity 35326K, committed 35456K, reserved 1079296K
  class space    used 4590K, capacity 4884K, committed 4992K, reserved 1048576K
Event: 2.778 GC heap after
Heap after GC invocations=6 (full 2):
 PSYoungGen      total 210944K, used 0K [0x00000000d5580000, 0x00000000e4480000, 0x0000000100000000)
  eden space 189440K, 0% used [0x00000000d5580000,0x00000000d5580000,0x00000000e0e80000)
  from space 21504K, 0% used [0x00000000e2380000,0x00000000e2380000,0x00000000e3880000)
  to   space 21504K, 0% used [0x00000000e0e80000,0x00000000e0e80000,0x00000000e2380000)
 ParOldGen       total 340992K, used 19421K [0x0000000080000000, 0x0000000094d00000, 0x00000000d5580000)
  object space 340992K, 5% used [0x0000000080000000,0x00000000812f7770,0x0000000094d00000)
 Metaspace       used 34085K, capacity 35326K, committed 35456K, reserved 1079296K
  class space    used 4590K, capacity 4884K, committed 4992K, reserved 1048576K
}
Event: 4.226 GC heap before
{Heap before GC invocations=7 (full 2):
 PSYoungGen      total 210944K, used 189440K [0x00000000d5580000, 0x00000000e4480000, 0x0000000100000000)
  eden space 189440K, 100% used [0x00000000d5580000,0x00000000e0e80000,0x00000000e0e80000)
  from space 21504K, 0% used [0x00000000e2380000,0x00000000e2380000,0x00000000e3880000)
  to   space 21504K, 0% used [0x00000000e0e80000,0x00000000e0e80000,0x00000000e2380000)
 ParOldGen       total 340992K, used 19421K [0x0000000080000000, 0x0000000094d00000, 0x00000000d5580000)
  object space 340992K, 5% used [0x0000000080000000,0x00000000812f7770,0x0000000094d00000)
 Metaspace       used 42369K, capacity 44384K, committed 44544K, reserved 1087488K
  class space    used 5733K, capacity 6122K, committed 6144K, reserved 1048576K
Event: 4.236 GC heap after
Heap after GC invocations=7 (full 2):
 PSYoungGen      total 210944K, used 18877K [0x00000000d5580000, 0x00000000e7b00000, 0x0000000100000000)
  eden space 189440K, 0% used [0x00000000d5580000,0x00000000d5580000,0x00000000e0e80000)
  from space 21504K, 87% used [0x00000000e0e80000,0x00000000e20ef688,0x00000000e2380000)
  to   space 20480K, 0% used [0x00000000e6700000,0x00000000e6700000,0x00000000e7b00000)
 ParOldGen       total 340992K, used 19429K [0x0000000080000000, 0x0000000094d00000, 0x00000000d5580000)
  object space 340992K, 5% used [0x0000000080000000,0x00000000812f9770,0x0000000094d00000)
 Metaspace       used 42369K, capacity 44384K, committed 44544K, reserved 1087488K
  class space    used 5733K, capacity 6122K, committed 6144K, reserved 1048576K
}

