# JRE version: OpenJDK Runtime Environment (8.0_242-b01) (build 1.8.0_242-release-1644-b01)
# Java VM: OpenJDK 64-Bit Server VM (25.242-b01 mixed mode windows-amd64 compressed oops)
Heap:
 PSYoungGen      total 215040K, used 183886K [0x00000000d5580000, 0x00000000e4900000, 0x0000000100000000)
  eden space 193536K, 95% used [0x00000000d5580000,0x00000000e0913830,0x00000000e1280000)
  from space 21504K, 0% used [0x00000000e2780000,0x00000000e2780000,0x00000000e3c80000)
  to   space 21504K, 0% used [0x00000000e1280000,0x00000000e1280000,0x00000000e2780000)
 ParOldGen       total 338944K, used 15603K [0x0000000080000000, 0x0000000094b00000, 0x00000000d5580000)
  object space 338944K, 4% used [0x0000000080000000,0x0000000080f3cdf8,0x0000000094b00000)
 Metaspace       used 42077K, capacity 43940K, committed 44248K, reserved 1087488K
  class space    used 5740K, capacity 6118K, committed 6144K, reserved 1048576K
GC Heap History (10 events):
Event: 2.064 GC heap before
{Heap before GC invocations=2 (full 0):
 PSYoungGen      total 152576K, used 103456K [0x00000000d5580000, 0x00000000dff80000, 0x0000000100000000)
  eden space 131072K, 70% used [0x00000000d5580000,0x00000000db00bf68,0x00000000dd580000)
  from space 21504K, 49% used [0x00000000dd580000,0x00000000ddffc248,0x00000000dea80000)
  to   space 21504K, 0% used [0x00000000dea80000,0x00000000dea80000,0x00000000dff80000)
 ParOldGen       total 348160K, used 16K [0x0000000080000000, 0x0000000095400000, 0x00000000d5580000)
  object space 348160K, 0% used [0x0000000080000000,0x0000000080004000,0x0000000095400000)
 Metaspace       used 20502K, capacity 21204K, committed 21248K, reserved 1067008K
  class space    used 2862K, capacity 3048K, committed 3072K, reserved 1048576K
Event: 2.072 GC heap after
Heap after GC invocations=2 (full 0):
 PSYoungGen      total 152576K, used 13720K [0x00000000d5580000, 0x00000000dff80000, 0x0000000100000000)
  eden space 131072K, 0% used [0x00000000d5580000,0x00000000d5580000,0x00000000dd580000)
  from space 21504K, 63% used [0x00000000dea80000,0x00000000df7e63f0,0x00000000dff80000)
  to   space 21504K, 0% used [0x00000000dd580000,0x00000000dd580000,0x00000000dea80000)
 ParOldGen       total 348160K, used 24K [0x0000000080000000, 0x0000000095400000, 0x00000000d5580000)
  object space 348160K, 0% used [0x0000000080000000,0x0000000080006000,0x0000000095400000)
 Metaspace       used 20502K, capacity 21204K, committed 21248K, reserved 1067008K
  class space    used 2862K, capacity 3048K, committed 3072K, reserved 1048576K
}
Event: 2.072 GC heap before
{Heap before GC invocations=3 (full 1):
 PSYoungGen      total 152576K, used 13720K [0x00000000d5580000, 0x00000000dff80000, 0x0000000100000000)
  eden space 131072K, 0% used [0x00000000d5580000,0x00000000d5580000,0x00000000dd580000)
  from space 21504K, 63% used [0x00000000dea80000,0x00000000df7e63f0,0x00000000dff80000)
  to   space 21504K, 0% used [0x00000000dd580000,0x00000000dd580000,0x00000000dea80000)
 ParOldGen       total 348160K, used 24K [0x0000000080000000, 0x0000000095400000, 0x00000000d5580000)
  object space 348160K, 0% used [0x0000000080000000,0x0000000080006000,0x0000000095400000)
 Metaspace       used 20502K, capacity 21204K, committed 21248K, reserved 1067008K
  class space    used 2862K, capacity 3048K, committed 3072K, reserved 1048576K
Event: 2.098 GC heap after
Heap after GC invocations=3 (full 1):
 PSYoungGen      total 152576K, used 0K [0x00000000d5580000, 0x00000000dff80000, 0x0000000100000000)
  eden space 131072K, 0% used [0x00000000d5580000,0x00000000d5580000,0x00000000dd580000)
  from space 21504K, 0% used [0x00000000dea80000,0x00000000dea80000,0x00000000dff80000)
  to   space 21504K, 0% used [0x00000000dd580000,0x00000000dd580000,0x00000000dea80000)
 ParOldGen       total 217088K, used 13224K [0x0000000080000000, 0x000000008d400000, 0x00000000d5580000)
  object space 217088K, 6% used [0x0000000080000000,0x0000000080cea248,0x000000008d400000)
 Metaspace       used 20502K, capacity 21204K, committed 21248K, reserved 1067008K
  class space    used 2862K, capacity 3048K, committed 3072K, reserved 1048576K
}
Event: 2.896 GC heap before
{Heap before GC invocations=4 (full 1):
 PSYoungGen      total 152576K, used 131072K [0x00000000d5580000, 0x00000000dff80000, 0x0000000100000000)
  eden space 131072K, 100% used [0x00000000d5580000,0x00000000dd580000,0x00000000dd580000)
  from space 21504K, 0% used [0x00000000dea80000,0x00000000dea80000,0x00000000dff80000)
  to   space 21504K, 0% used [0x00000000dd580000,0x00000000dd580000,0x00000000dea80000)
 ParOldGen       total 217088K, used 13224K [0x0000000080000000, 0x000000008d400000, 0x00000000d5580000)
  object space 217088K, 6% used [0x0000000080000000,0x0000000080cea248,0x000000008d400000)
 Metaspace       used 32712K, capacity 33776K, committed 33920K, reserved 1079296K
  class space    used 4456K, capacity 4722K, committed 4736K, reserved 1048576K
Event: 2.908 GC heap after
Heap after GC invocations=4 (full 1):
 PSYoungGen      total 152576K, used 14268K [0x00000000d5580000, 0x00000000e3c80000, 0x0000000100000000)
  eden space 131072K, 0% used [0x00000000d5580000,0x00000000d5580000,0x00000000dd580000)
  from space 21504K, 66% used [0x00000000dd580000,0x00000000de36f340,0x00000000dea80000)
  to   space 21504K, 0% used [0x00000000e2780000,0x00000000e2780000,0x00000000e3c80000)
 ParOldGen       total 217088K, used 13232K [0x0000000080000000, 0x000000008d400000, 0x00000000d5580000)
  object space 217088K, 6% used [0x0000000080000000,0x0000000080cec248,0x000000008d400000)
 Metaspace       used 32712K, capacity 33776K, committed 33920K, reserved 1079296K
  class space    used 4456K, capacity 4722K, committed 4736K, reserved 1048576K
}
Event: 3.094 GC heap before
{Heap before GC invocations=5 (full 1):
 PSYoungGen      total 152576K, used 49268K [0x00000000d5580000, 0x00000000e3c80000, 0x0000000100000000)
  eden space 131072K, 26% used [0x00000000d5580000,0x00000000d77ae040,0x00000000dd580000)
  from space 21504K, 66% used [0x00000000dd580000,0x00000000de36f340,0x00000000dea80000)
  to   space 21504K, 0% used [0x00000000e2780000,0x00000000e2780000,0x00000000e3c80000)
 ParOldGen       total 217088K, used 13232K [0x0000000080000000, 0x000000008d400000, 0x00000000d5580000)
  object space 217088K, 6% used [0x0000000080000000,0x0000000080cec248,0x000000008d400000)
 Metaspace       used 34253K, capacity 35392K, committed 35416K, reserved 1079296K
  class space    used 4711K, capacity 4973K, committed 4992K, reserved 1048576K
Event: 3.100 GC heap after
Heap after GC invocations=5 (full 1):
 PSYoungGen      total 215040K, used 8790K [0x00000000d5580000, 0x00000000e4900000, 0x0000000100000000)
  eden space 193536K, 0% used [0x00000000d5580000,0x00000000d5580000,0x00000000e1280000)
  from space 21504K, 40% used [0x00000000e2780000,0x00000000e3015b48,0x00000000e3c80000)
  to   space 21504K, 0% used [0x00000000e1280000,0x00000000e1280000,0x00000000e2780000)
 ParOldGen       total 217088K, used 13240K [0x0000000080000000, 0x000000008d400000, 0x00000000d5580000)
  object space 217088K, 6% used [0x0000000080000000,0x0000000080cee248,0x000000008d400000)
 Metaspace       used 34253K, capacity 35392K, committed 35416K, reserved 1079296K
  class space    used 4711K, capacity 4973K, committed 4992K, reserved 1048576K
}
Event: 3.100 GC heap before
{Heap before GC invocations=6 (full 2):
 PSYoungGen      total 215040K, used 8790K [0x00000000d5580000, 0x00000000e4900000, 0x0000000100000000)
  eden space 193536K, 0% used [0x00000000d5580000,0x00000000d5580000,0x00000000e1280000)
  from space 21504K, 40% used [0x00000000e2780000,0x00000000e3015b48,0x00000000e3c80000)
  to   space 21504K, 0% used [0x00000000e1280000,0x00000000e1280000,0x00000000e2780000)
 ParOldGen       total 217088K, used 13240K [0x0000000080000000, 0x000000008d400000, 0x00000000d5580000)
  object space 217088K, 6% used [0x0000000080000000,0x0000000080cee248,0x000000008d400000)
 Metaspace       used 34253K, capacity 35392K, committed 35416K, reserved 1079296K
  class space    used 4711K, capacity 4973K, committed 4992K, reserved 1048576K
Event: 3.135 GC heap after
Heap after GC invocations=6 (full 2):
 PSYoungGen      total 215040K, used 0K [0x00000000d5580000, 0x00000000e4900000, 0x0000000100000000)
  eden space 193536K, 0% used [0x00000000d5580000,0x00000000d5580000,0x00000000e1280000)
  from space 21504K, 0% used [0x00000000e2780000,0x00000000e2780000,0x00000000e3c80000)
  to   space 21504K, 0% used [0x00000000e1280000,0x00000000e1280000,0x00000000e2780000)
 ParOldGen       total 338944K, used 15603K [0x0000000080000000, 0x0000000094b00000, 0x00000000d5580000)
  object space 338944K, 4% used [0x0000000080000000,0x0000000080f3cdf8,0x0000000094b00000)
 Metaspace       used 34253K, capacity 35392K, committed 35416K, reserved 1079296K
  class space    used 4711K, capacity 4973K, committed 4992K, reserved 1048576K
}

