# JRE version: OpenJDK Runtime Environment (8.0_242-b01) (build 1.8.0_242-release-1644-b01)
# Java VM: OpenJDK 64-Bit Server VM (25.242-b01 mixed mode windows-amd64 compressed oops)
Heap:
 PSYoungGen      total 212992K, used 182450K [0x00000000d5580000, 0x00000000e4c00000, 0x0000000100000000)
  eden space 191488K, 95% used [0x00000000d5580000,0x00000000e07acbe0,0x00000000e1080000)
  from space 21504K, 0% used [0x00000000e2580000,0x00000000e2580000,0x00000000e3a80000)
  to   space 21504K, 0% used [0x00000000e1080000,0x00000000e1080000,0x00000000e2580000)
 ParOldGen       total 328192K, used 15669K [0x0000000080000000, 0x0000000094080000, 0x00000000d5580000)
  object space 328192K, 4% used [0x0000000080000000,0x0000000080f4d6f8,0x0000000094080000)
 Metaspace       used 42084K, capacity 43942K, committed 44248K, reserved 1087488K
  class space    used 5738K, capacity 6117K, committed 6144K, reserved 1048576K
GC Heap History (10 events):
Event: 1.753 GC heap before
{Heap before GC invocations=2 (full 0):
 PSYoungGen      total 152576K, used 102784K [0x00000000d5580000, 0x00000000dff80000, 0x0000000100000000)
  eden space 131072K, 70% used [0x00000000d5580000,0x00000000daf71280,0x00000000dd580000)
  from space 21504K, 49% used [0x00000000dd580000,0x00000000ddfeede8,0x00000000dea80000)
  to   space 21504K, 0% used [0x00000000dea80000,0x00000000dea80000,0x00000000dff80000)
 ParOldGen       total 348160K, used 16K [0x0000000080000000, 0x0000000095400000, 0x00000000d5580000)
  object space 348160K, 0% used [0x0000000080000000,0x0000000080004000,0x0000000095400000)
 Metaspace       used 20505K, capacity 21204K, committed 21248K, reserved 1067008K
  class space    used 2863K, capacity 3048K, committed 3072K, reserved 1048576K
Event: 1.762 GC heap after
Heap after GC invocations=2 (full 0):
 PSYoungGen      total 152576K, used 13740K [0x00000000d5580000, 0x00000000e7f80000, 0x0000000100000000)
  eden space 131072K, 0% used [0x00000000d5580000,0x00000000d5580000,0x00000000dd580000)
  from space 21504K, 63% used [0x00000000dea80000,0x00000000df7eb088,0x00000000dff80000)
  to   space 21504K, 0% used [0x00000000dd580000,0x00000000dd580000,0x00000000dea80000)
 ParOldGen       total 348160K, used 24K [0x0000000080000000, 0x0000000095400000, 0x00000000d5580000)
  object space 348160K, 0% used [0x0000000080000000,0x0000000080006000,0x0000000095400000)
 Metaspace       used 20505K, capacity 21204K, committed 21248K, reserved 1067008K
  class space    used 2863K, capacity 3048K, committed 3072K, reserved 1048576K
}
Event: 1.762 GC heap before
{Heap before GC invocations=3 (full 1):
 PSYoungGen      total 152576K, used 13740K [0x00000000d5580000, 0x00000000e7f80000, 0x0000000100000000)
  eden space 131072K, 0% used [0x00000000d5580000,0x00000000d5580000,0x00000000dd580000)
  from space 21504K, 63% used [0x00000000dea80000,0x00000000df7eb088,0x00000000dff80000)
  to   space 21504K, 0% used [0x00000000dd580000,0x00000000dd580000,0x00000000dea80000)
 ParOldGen       total 348160K, used 24K [0x0000000080000000, 0x0000000095400000, 0x00000000d5580000)
  object space 348160K, 0% used [0x0000000080000000,0x0000000080006000,0x0000000095400000)
 Metaspace       used 20505K, capacity 21204K, committed 21248K, reserved 1067008K
  class space    used 2863K, capacity 3048K, committed 3072K, reserved 1048576K
Event: 1.784 GC heap after
Heap after GC invocations=3 (full 1):
 PSYoungGen      total 152576K, used 0K [0x00000000d5580000, 0x00000000e7f80000, 0x0000000100000000)
  eden space 131072K, 0% used [0x00000000d5580000,0x00000000d5580000,0x00000000dd580000)
  from space 21504K, 0% used [0x00000000dea80000,0x00000000dea80000,0x00000000dff80000)
  to   space 21504K, 0% used [0x00000000dd580000,0x00000000dd580000,0x00000000dea80000)
 ParOldGen       total 213504K, used 13256K [0x0000000080000000, 0x000000008d080000, 0x00000000d5580000)
  object space 213504K, 6% used [0x0000000080000000,0x0000000080cf2100,0x000000008d080000)
 Metaspace       used 20505K, capacity 21204K, committed 21248K, reserved 1067008K
  class space    used 2863K, capacity 3048K, committed 3072K, reserved 1048576K
}
Event: 2.507 GC heap before
{Heap before GC invocations=4 (full 1):
 PSYoungGen      total 152576K, used 131072K [0x00000000d5580000, 0x00000000e7f80000, 0x0000000100000000)
  eden space 131072K, 100% used [0x00000000d5580000,0x00000000dd580000,0x00000000dd580000)
  from space 21504K, 0% used [0x00000000dea80000,0x00000000dea80000,0x00000000dff80000)
  to   space 21504K, 0% used [0x00000000dd580000,0x00000000dd580000,0x00000000dea80000)
 ParOldGen       total 213504K, used 13256K [0x0000000080000000, 0x000000008d080000, 0x00000000d5580000)
  object space 213504K, 6% used [0x0000000080000000,0x0000000080cf2100,0x000000008d080000)
 Metaspace       used 32700K, capacity 33782K, committed 33920K, reserved 1079296K
  class space    used 4459K, capacity 4723K, committed 4736K, reserved 1048576K
Event: 2.514 GC heap after
Heap after GC invocations=4 (full 1):
 PSYoungGen      total 152576K, used 14441K [0x00000000d5580000, 0x00000000e3a80000, 0x0000000100000000)
  eden space 131072K, 0% used [0x00000000d5580000,0x00000000d5580000,0x00000000dd580000)
  from space 21504K, 67% used [0x00000000dd580000,0x00000000de39a618,0x00000000dea80000)
  to   space 21504K, 0% used [0x00000000e2580000,0x00000000e2580000,0x00000000e3a80000)
 ParOldGen       total 213504K, used 13264K [0x0000000080000000, 0x000000008d080000, 0x00000000d5580000)
  object space 213504K, 6% used [0x0000000080000000,0x0000000080cf4100,0x000000008d080000)
 Metaspace       used 32700K, capacity 33782K, committed 33920K, reserved 1079296K
  class space    used 4459K, capacity 4723K, committed 4736K, reserved 1048576K
}
Event: 2.657 GC heap before
{Heap before GC invocations=5 (full 1):
 PSYoungGen      total 152576K, used 49681K [0x00000000d5580000, 0x00000000e3a80000, 0x0000000100000000)
  eden space 131072K, 26% used [0x00000000d5580000,0x00000000d77e9ea8,0x00000000dd580000)
  from space 21504K, 67% used [0x00000000dd580000,0x00000000de39a618,0x00000000dea80000)
  to   space 21504K, 0% used [0x00000000e2580000,0x00000000e2580000,0x00000000e3a80000)
 ParOldGen       total 213504K, used 13264K [0x0000000080000000, 0x000000008d080000, 0x00000000d5580000)
  object space 213504K, 6% used [0x0000000080000000,0x0000000080cf4100,0x000000008d080000)
 Metaspace       used 34251K, capacity 35392K, committed 35416K, reserved 1079296K
  class space    used 4716K, capacity 4973K, committed 4992K, reserved 1048576K
Event: 2.663 GC heap after
Heap after GC invocations=5 (full 1):
 PSYoungGen      total 212992K, used 8934K [0x00000000d5580000, 0x00000000e4c00000, 0x0000000100000000)
  eden space 191488K, 0% used [0x00000000d5580000,0x00000000d5580000,0x00000000e1080000)
  from space 21504K, 41% used [0x00000000e2580000,0x00000000e2e39b38,0x00000000e3a80000)
  to   space 21504K, 0% used [0x00000000e1080000,0x00000000e1080000,0x00000000e2580000)
 ParOldGen       total 213504K, used 13264K [0x0000000080000000, 0x000000008d080000, 0x00000000d5580000)
  object space 213504K, 6% used [0x0000000080000000,0x0000000080cf4100,0x000000008d080000)
 Metaspace       used 34251K, capacity 35392K, committed 35416K, reserved 1079296K
  class space    used 4716K, capacity 4973K, committed 4992K, reserved 1048576K
}
Event: 2.663 GC heap before
{Heap before GC invocations=6 (full 2):
 PSYoungGen      total 212992K, used 8934K [0x00000000d5580000, 0x00000000e4c00000, 0x0000000100000000)
  eden space 191488K, 0% used [0x00000000d5580000,0x00000000d5580000,0x00000000e1080000)
  from space 21504K, 41% used [0x00000000e2580000,0x00000000e2e39b38,0x00000000e3a80000)
  to   space 21504K, 0% used [0x00000000e1080000,0x00000000e1080000,0x00000000e2580000)
 ParOldGen       total 213504K, used 13264K [0x0000000080000000, 0x000000008d080000, 0x00000000d5580000)
  object space 213504K, 6% used [0x0000000080000000,0x0000000080cf4100,0x000000008d080000)
 Metaspace       used 34251K, capacity 35392K, committed 35416K, reserved 1079296K
  class space    used 4716K, capacity 4973K, committed 4992K, reserved 1048576K
Event: 2.694 GC heap after
Heap after GC invocations=6 (full 2):
 PSYoungGen      total 212992K, used 0K [0x00000000d5580000, 0x00000000e4c00000, 0x0000000100000000)
  eden space 191488K, 0% used [0x00000000d5580000,0x00000000d5580000,0x00000000e1080000)
  from space 21504K, 0% used [0x00000000e2580000,0x00000000e2580000,0x00000000e3a80000)
  to   space 21504K, 0% used [0x00000000e1080000,0x00000000e1080000,0x00000000e2580000)
 ParOldGen       total 328192K, used 15669K [0x0000000080000000, 0x0000000094080000, 0x00000000d5580000)
  object space 328192K, 4% used [0x0000000080000000,0x0000000080f4d6f8,0x0000000094080000)
 Metaspace       used 34251K, capacity 35392K, committed 35416K, reserved 1079296K
  class space    used 4716K, capacity 4973K, committed 4992K, reserved 1048576K
}

