# JRE version: OpenJDK Runtime Environment (8.0_242-b01) (build 1.8.0_242-release-1644-b01)
# Java VM: OpenJDK 64-Bit Server VM (25.242-b01 mixed mode windows-amd64 compressed oops)
Heap:
 PSYoungGen      total 211968K, used 55666K [0x00000000d5580000, 0x00000000e7f00000, 0x0000000100000000)
  eden space 190464K, 19% used [0x00000000d5580000,0x00000000d79a7878,0x00000000e0f80000)
  from space 21504K, 86% used [0x00000000e0f80000,0x00000000e21b5178,0x00000000e2480000)
  to   space 19968K, 0% used [0x00000000e6b80000,0x00000000e6b80000,0x00000000e7f00000)
 ParOldGen       total 338432K, used 19507K [0x0000000080000000, 0x0000000094a80000, 0x00000000d5580000)
  object space 338432K, 5% used [0x0000000080000000,0x000000008130ce28,0x0000000094a80000)
 Metaspace       used 46436K, capacity 48564K, committed 48640K, reserved 1091584K
  class space    used 6239K, capacity 6644K, committed 6656K, reserved 1048576K
GC Heap History (10 events):
Event: 1.718 GC heap before
{Heap before GC invocations=3 (full 1):
 PSYoungGen      total 152576K, used 13603K [0x00000000d5580000, 0x00000000e7f80000, 0x0000000100000000)
  eden space 131072K, 0% used [0x00000000d5580000,0x00000000d5580000,0x00000000dd580000)
  from space 21504K, 63% used [0x00000000dea80000,0x00000000df7c8fb8,0x00000000dff80000)
  to   space 21504K, 0% used [0x00000000dd580000,0x00000000dd580000,0x00000000dea80000)
 ParOldGen       total 348160K, used 24K [0x0000000080000000, 0x0000000095400000, 0x00000000d5580000)
  object space 348160K, 0% used [0x0000000080000000,0x0000000080006000,0x0000000095400000)
 Metaspace       used 20477K, capacity 21222K, committed 21296K, reserved 1067008K
  class space    used 2854K, capacity 3037K, committed 3072K, reserved 1048576K
Event: 1.742 GC heap after
Heap after GC invocations=3 (full 1):
 PSYoungGen      total 152576K, used 0K [0x00000000d5580000, 0x00000000e7f80000, 0x0000000100000000)
  eden space 131072K, 0% used [0x00000000d5580000,0x00000000d5580000,0x00000000dd580000)
  from space 21504K, 0% used [0x00000000dea80000,0x00000000dea80000,0x00000000dff80000)
  to   space 21504K, 0% used [0x00000000dd580000,0x00000000dd580000,0x00000000dea80000)
 ParOldGen       total 215040K, used 13137K [0x0000000080000000, 0x000000008d200000, 0x00000000d5580000)
  object space 215040K, 6% used [0x0000000080000000,0x0000000080cd4648,0x000000008d200000)
 Metaspace       used 20477K, capacity 21222K, committed 21296K, reserved 1067008K
  class space    used 2854K, capacity 3037K, committed 3072K, reserved 1048576K
}
Event: 2.457 GC heap before
{Heap before GC invocations=4 (full 1):
 PSYoungGen      total 152576K, used 131072K [0x00000000d5580000, 0x00000000e7f80000, 0x0000000100000000)
  eden space 131072K, 100% used [0x00000000d5580000,0x00000000dd580000,0x00000000dd580000)
  from space 21504K, 0% used [0x00000000dea80000,0x00000000dea80000,0x00000000dff80000)
  to   space 21504K, 0% used [0x00000000dd580000,0x00000000dd580000,0x00000000dea80000)
 ParOldGen       total 215040K, used 13137K [0x0000000080000000, 0x000000008d200000, 0x00000000d5580000)
  object space 215040K, 6% used [0x0000000080000000,0x0000000080cd4648,0x000000008d200000)
 Metaspace       used 32510K, capacity 33698K, committed 33920K, reserved 1079296K
  class space    used 4381K, capacity 4660K, committed 4736K, reserved 1048576K
Event: 2.465 GC heap after
Heap after GC invocations=4 (full 1):
 PSYoungGen      total 152576K, used 16464K [0x00000000d5580000, 0x00000000e3980000, 0x0000000100000000)
  eden space 131072K, 0% used [0x00000000d5580000,0x00000000d5580000,0x00000000dd580000)
  from space 21504K, 76% used [0x00000000dd580000,0x00000000de594388,0x00000000dea80000)
  to   space 21504K, 0% used [0x00000000e2480000,0x00000000e2480000,0x00000000e3980000)
 ParOldGen       total 215040K, used 13145K [0x0000000080000000, 0x000000008d200000, 0x00000000d5580000)
  object space 215040K, 6% used [0x0000000080000000,0x0000000080cd6648,0x000000008d200000)
 Metaspace       used 32510K, capacity 33698K, committed 33920K, reserved 1079296K
  class space    used 4381K, capacity 4660K, committed 4736K, reserved 1048576K
}
Event: 2.653 GC heap before
{Heap before GC invocations=5 (full 1):
 PSYoungGen      total 152576K, used 53198K [0x00000000d5580000, 0x00000000e3980000, 0x0000000100000000)
  eden space 131072K, 28% used [0x00000000d5580000,0x00000000d795f6b8,0x00000000dd580000)
  from space 21504K, 76% used [0x00000000dd580000,0x00000000de594388,0x00000000dea80000)
  to   space 21504K, 0% used [0x00000000e2480000,0x00000000e2480000,0x00000000e3980000)
 ParOldGen       total 215040K, used 13145K [0x0000000080000000, 0x000000008d200000, 0x00000000d5580000)
  object space 215040K, 6% used [0x0000000080000000,0x0000000080cd6648,0x000000008d200000)
 Metaspace       used 34035K, capacity 35326K, committed 35456K, reserved 1079296K
  class space    used 4585K, capacity 4884K, committed 4992K, reserved 1048576K
Event: 2.663 GC heap after
Heap after GC invocations=5 (full 1):
 PSYoungGen      total 211968K, used 12718K [0x00000000d5580000, 0x00000000e4d80000, 0x0000000100000000)
  eden space 190464K, 0% used [0x00000000d5580000,0x00000000d5580000,0x00000000e0f80000)
  from space 21504K, 59% used [0x00000000e2480000,0x00000000e30eb898,0x00000000e3980000)
  to   space 21504K, 0% used [0x00000000e0f80000,0x00000000e0f80000,0x00000000e2480000)
 ParOldGen       total 215040K, used 13153K [0x0000000080000000, 0x000000008d200000, 0x00000000d5580000)
  object space 215040K, 6% used [0x0000000080000000,0x0000000080cd8648,0x000000008d200000)
 Metaspace       used 34035K, capacity 35326K, committed 35456K, reserved 1079296K
  class space    used 4585K, capacity 4884K, committed 4992K, reserved 1048576K
}
Event: 2.663 GC heap before
{Heap before GC invocations=6 (full 2):
 PSYoungGen      total 211968K, used 12718K [0x00000000d5580000, 0x00000000e4d80000, 0x0000000100000000)
  eden space 190464K, 0% used [0x00000000d5580000,0x00000000d5580000,0x00000000e0f80000)
  from space 21504K, 59% used [0x00000000e2480000,0x00000000e30eb898,0x00000000e3980000)
  to   space 21504K, 0% used [0x00000000e0f80000,0x00000000e0f80000,0x00000000e2480000)
 ParOldGen       total 215040K, used 13153K [0x0000000080000000, 0x000000008d200000, 0x00000000d5580000)
  object space 215040K, 6% used [0x0000000080000000,0x0000000080cd8648,0x000000008d200000)
 Metaspace       used 34035K, capacity 35326K, committed 35456K, reserved 1079296K
  class space    used 4585K, capacity 4884K, committed 4992K, reserved 1048576K
Event: 2.705 GC heap after
Heap after GC invocations=6 (full 2):
 PSYoungGen      total 211968K, used 0K [0x00000000d5580000, 0x00000000e4d80000, 0x0000000100000000)
  eden space 190464K, 0% used [0x00000000d5580000,0x00000000d5580000,0x00000000e0f80000)
  from space 21504K, 0% used [0x00000000e2480000,0x00000000e2480000,0x00000000e3980000)
  to   space 21504K, 0% used [0x00000000e0f80000,0x00000000e0f80000,0x00000000e2480000)
 ParOldGen       total 338432K, used 19499K [0x0000000080000000, 0x0000000094a80000, 0x00000000d5580000)
  object space 338432K, 5% used [0x0000000080000000,0x000000008130ae28,0x0000000094a80000)
 Metaspace       used 34035K, capacity 35326K, committed 35456K, reserved 1079296K
  class space    used 4585K, capacity 4884K, committed 4992K, reserved 1048576K
}
Event: 3.626 GC heap before
{Heap before GC invocations=7 (full 2):
 PSYoungGen      total 211968K, used 190464K [0x00000000d5580000, 0x00000000e4d80000, 0x0000000100000000)
  eden space 190464K, 100% used [0x00000000d5580000,0x00000000e0f80000,0x00000000e0f80000)
  from space 21504K, 0% used [0x00000000e2480000,0x00000000e2480000,0x00000000e3980000)
  to   space 21504K, 0% used [0x00000000e0f80000,0x00000000e0f80000,0x00000000e2480000)
 ParOldGen       total 338432K, used 19499K [0x0000000080000000, 0x0000000094a80000, 0x00000000d5580000)
  object space 338432K, 5% used [0x0000000080000000,0x000000008130ae28,0x0000000094a80000)
 Metaspace       used 42070K, capacity 44172K, committed 44288K, reserved 1087488K
  class space    used 5700K, capacity 6102K, committed 6144K, reserved 1048576K
Event: 3.635 GC heap after
Heap after GC invocations=7 (full 2):
 PSYoungGen      total 211968K, used 18644K [0x00000000d5580000, 0x00000000e7f00000, 0x0000000100000000)
  eden space 190464K, 0% used [0x00000000d5580000,0x00000000d5580000,0x00000000e0f80000)
  from space 21504K, 86% used [0x00000000e0f80000,0x00000000e21b5178,0x00000000e2480000)
  to   space 19968K, 0% used [0x00000000e6b80000,0x00000000e6b80000,0x00000000e7f00000)
 ParOldGen       total 338432K, used 19507K [0x0000000080000000, 0x0000000094a80000, 0x00000000d5580000)
  object space 338432K, 5% used [0x0000000080000000,0x000000008130ce28,0x0000000094a80000)
 Metaspace       used 42070K, capacity 44172K, committed 44288K, reserved 1087488K
  class space    used 5700K, capacity 6102K, committed 6144K, reserved 1048576K
}

